TN:
SF:src\app\(auth)\login\page.tsx
FN:15,LoginPage
FN:22,(anonymous_3)
FN:60,(anonymous_4)
FN:74,(anonymous_5)
FNF:4
FNH:1
FNDA:6,LoginPage
FNDA:0,(anonymous_3)
FNDA:0,(anonymous_4)
FNDA:0,(anonymous_5)
DA:3,1
DA:4,1
DA:5,1
DA:6,1
DA:7,1
DA:8,1
DA:9,1
DA:15,3
DA:16,6
DA:17,6
DA:18,6
DA:19,6
DA:20,6
DA:22,6
DA:23,0
DA:24,0
DA:25,0
DA:27,0
DA:28,0
DA:30,0
DA:31,0
DA:33,0
DA:60,0
DA:74,0
LF:24
LH:14
BRDA:30,0,0,0
BRDA:30,0,1,0
BRDA:30,0,2,0
BRDA:47,1,0,6
BRDA:82,2,0,0
BRDA:82,2,1,6
BRF:6
BRH:2
end_of_record
TN:
SF:src\components\dashboard\sidebar.tsx
FN:20,Sidebar
FN:31,(anonymous_3)
FNF:2
FNH:0
FNDA:0,Sidebar
FNDA:0,(anonymous_3)
DA:3,1
DA:4,1
DA:5,1
DA:6,1
DA:7,1
DA:9,1
DA:20,0
DA:21,0
DA:22,0
DA:32,0
DA:33,0
DA:35,0
LF:12
LH:6
BRDA:41,0,0,0
BRDA:41,0,1,0
BRF:2
BRH:0
end_of_record
TN:
SF:src\components\ui\button.tsx
FN:38,(anonymous_6)
FNF:1
FNH:1
FNDA:6,(anonymous_6)
DA:1,1
DA:2,1
DA:3,1
DA:5,1
DA:37,1
DA:48,1
DA:50,6
LF:7
LH:7
BRF:0
BRH:0
end_of_record
TN:
SF:src\components\ui\card.tsx
FNF:0
FNH:0
DA:1,1
DA:2,1
DA:13,1
DA:20,1
DA:27,1
DA:34,1
DA:41,1
DA:48,1
DA:50,6
LF:9
LH:9
BRF:0
BRH:0
end_of_record
TN:
SF:src\components\ui\input.tsx
FN:7,(anonymous_4)
FNF:1
FNH:1
FNDA:12,(anonymous_4)
DA:1,1
DA:2,1
DA:6,1
DA:21,1
DA:23,12
LF:5
LH:5
BRF:0
BRH:0
end_of_record
TN:
SF:src\components\ui\label.tsx
FN:7,(anonymous_4)
FNF:1
FNH:1
FNDA:12,(anonymous_4)
DA:1,1
DA:2,1
DA:6,1
DA:20,1
DA:22,12
LF:5
LH:5
BRF:0
BRH:0
end_of_record
TN:
SF:src\lib\api-client.ts
FN:21,(anonymous_4)
FN:33,(anonymous_5)
FN:40,(anonymous_6)
FN:41,(anonymous_7)
FNF:4
FNH:0
FNDA:0,(anonymous_4)
FNDA:0,(anonymous_5)
FNDA:0,(anonymous_6)
FNDA:0,(anonymous_7)
DA:1,2
DA:3,2
DA:9,2
DA:20,2
DA:23,0
DA:24,0
DA:27,0
DA:28,0
DA:29,0
DA:31,0
DA:33,0
DA:39,2
DA:40,0
DA:42,0
DA:45,0
DA:46,0
DA:48,0
DA:49,0
DA:51,0
DA:52,0
DA:55,0
DA:59,0
DA:61,0
DA:62,0
DA:65,0
DA:66,0
DA:69,0
DA:72,0
DA:73,0
DA:74,0
DA:75,0
DA:77,0
DA:81,0
DA:85,2
LF:34
LH:6
BRDA:3,0,0,2
BRDA:3,0,1,0
BRDA:23,1,0,0
BRDA:23,2,0,0
BRDA:23,2,1,0
BRDA:27,3,0,0
BRDA:27,3,1,0
BRDA:28,4,0,0
BRDA:28,5,0,0
BRDA:28,5,1,0
BRDA:45,6,0,0
BRDA:45,7,0,0
BRDA:45,7,1,0
BRDA:45,7,2,0
BRDA:49,8,0,0
BRDA:49,8,1,0
BRDA:51,9,0,0
BRDA:61,10,0,0
BRDA:65,11,0,0
BRDA:72,12,0,0
BRF:20
BRH:1
end_of_record
TN:
SF:src\lib\auth-context.tsx
FN:24,AuthProvider
FN:29,(anonymous_7)
FN:42,(anonymous_8)
FN:59,(anonymous_9)
FN:77,(anonymous_10)
FN:99,(anonymous_11)
FN:109,(anonymous_12)
FN:126,(anonymous_13)
FNF:8
FNH:3
FNDA:14,AuthProvider
FNDA:3,(anonymous_7)
FNDA:0,(anonymous_8)
FNDA:0,(anonymous_9)
FNDA:0,(anonymous_10)
FNDA:0,(anonymous_11)
FNDA:0,(anonymous_12)
FNDA:6,(anonymous_13)
DA:3,2
DA:4,2
DA:5,2
DA:18,2
DA:24,5
DA:25,14
DA:26,14
DA:27,14
DA:29,6
DA:31,3
DA:32,3
DA:33,0
DA:35,3
DA:42,6
DA:43,0
DA:44,0
DA:45,0
DA:47,0
DA:48,0
DA:49,0
DA:50,0
DA:52,0
DA:59,6
DA:60,0
DA:61,0
DA:62,0
DA:64,0
DA:65,0
DA:67,0
DA:68,0
DA:70,0
DA:77,6
DA:78,0
DA:79,0
DA:84,0
DA:86,0
DA:87,0
DA:89,0
DA:90,0
DA:92,0
DA:99,6
DA:100,0
DA:101,0
DA:102,0
DA:103,0
DA:109,6
DA:110,0
DA:113,6
DA:126,6
DA:127,6
DA:128,6
DA:129,0
DA:131,6
LF:53
LH:22
BRDA:32,0,0,0
BRDA:32,0,1,3
BRDA:128,1,0,0
BRF:3
BRH:1
end_of_record
TN:
SF:src\lib\utils.ts
FN:9,cn
FN:18,formatDateForAPI
FN:28,formatFileSize
FN:45,truncateText
FNF:4
FNH:1
FNDA:60,cn
FNDA:0,formatDateForAPI
FNDA:0,formatFileSize
FNDA:0,truncateText
DA:1,2
DA:2,2
DA:9,60
DA:10,60
DA:18,0
DA:19,0
DA:28,0
DA:29,0
DA:31,0
DA:32,0
DA:33,0
DA:34,0
DA:36,0
DA:45,0
DA:46,0
DA:47,0
LF:16
LH:4
BRDA:28,0,0,0
BRDA:29,1,0,0
BRDA:32,2,0,0
BRDA:32,2,1,0
BRDA:46,3,0,0
BRF:5
BRH:0
end_of_record
